  [1m[35m (395.2ms)[0m  [1m[35mCREATE DATABASE "mythos_development" ENCODING = 'unicode'[0m
  [1m[35m (230.2ms)[0m  [1m[35mCREATE DATABASE "mythos_test" ENCODING = 'unicode'[0m
Started GET "/" for ::1 at 2020-04-09 14:07:34 -0400

ActiveRecord::PendingMigrationError - Migrations are pending. To resolve this issue, run:

        rails db:migrate RAILS_ENV=development

:

Started POST "/__better_errors/094ed4937e55b6b4/variables" for ::1 at 2020-04-09 14:07:35 -0400
  [1m[35m (62.2ms)[0m  [1m[35mCREATE TABLE "schema_migrations" ("version" character varying NOT NULL PRIMARY KEY)[0m
  [1m[35m (12.3ms)[0m  [1m[35mCREATE TABLE "ar_internal_metadata" ("key" character varying NOT NULL PRIMARY KEY, "value" character varying, "created_at" timestamp(6) NOT NULL, "updated_at" timestamp(6) NOT NULL)[0m
  [1m[35m (1.1ms)[0m  [1m[34mSELECT pg_try_advisory_lock(6901116831208884060)[0m
  [1m[35m (0.9ms)[0m  [1m[34mSELECT "schema_migrations"."version" FROM "schema_migrations" ORDER BY "schema_migrations"."version" ASC[0m
Migrating to CreateUsers (20200406195801)
  [1m[35m (0.2ms)[0m  [1m[35mBEGIN[0m
  [1m[35m (57.6ms)[0m  [1m[35mCREATE TABLE "users" ("id" bigserial primary key, "username" character varying, "email" character varying, "password_digest" character varying, "fav_story" character varying, "stories_id" bigint NOT NULL, "comments_id" bigint NOT NULL, "created_at" timestamp(6) NOT NULL, "updated_at" timestamp(6) NOT NULL, CONSTRAINT "fk_rails_35bfbb3180"
FOREIGN KEY ("stories_id")
  REFERENCES "stories" ("id")
, CONSTRAINT "fk_rails_a0c857cae0"
FOREIGN KEY ("comments_id")
  REFERENCES "comments" ("id")
)[0m
  [1m[35m (0.2ms)[0m  [1m[31mROLLBACK[0m
  [1m[35m (0.3ms)[0m  [1m[34mSELECT pg_advisory_unlock(6901116831208884060)[0m
  [1m[35m (0.9ms)[0m  [1m[34mSELECT "schema_migrations"."version" FROM "schema_migrations" ORDER BY "schema_migrations"."version" ASC[0m
  [1m[35m (0.3ms)[0m  [1m[34mSELECT "schema_migrations"."version" FROM "schema_migrations" ORDER BY "schema_migrations"."version" ASC[0m
  [1m[35m (113.0ms)[0m  [1m[35mDROP DATABASE IF EXISTS "mythos_development"[0m
  [1m[35m (84.5ms)[0m  [1m[35mDROP DATABASE IF EXISTS "mythos_test"[0m
  [1m[35m (312.9ms)[0m  [1m[35mCREATE DATABASE "mythos_development" ENCODING = 'unicode'[0m
  [1m[35m (252.4ms)[0m  [1m[35mCREATE DATABASE "mythos_test" ENCODING = 'unicode'[0m
  [1m[35m (26.3ms)[0m  [1m[35mCREATE TABLE "schema_migrations" ("version" character varying NOT NULL PRIMARY KEY)[0m
  [1m[35m (7.3ms)[0m  [1m[35mCREATE TABLE "ar_internal_metadata" ("key" character varying NOT NULL PRIMARY KEY, "value" character varying, "created_at" timestamp(6) NOT NULL, "updated_at" timestamp(6) NOT NULL)[0m
  [1m[35m (2.3ms)[0m  [1m[34mSELECT pg_try_advisory_lock(6901116831208884060)[0m
  [1m[35m (0.7ms)[0m  [1m[34mSELECT "schema_migrations"."version" FROM "schema_migrations" ORDER BY "schema_migrations"."version" ASC[0m
Migrating to CreateUsers (20200406195801)
  [1m[35m (0.2ms)[0m  [1m[35mBEGIN[0m
  [1m[35m (15.5ms)[0m  [1m[35mCREATE TABLE "users" ("id" bigserial primary key, "username" character varying, "email" character varying, "password_digest" character varying, "fav_story" character varying, "stories_id" bigint NOT NULL, "comments_id" bigint NOT NULL, "created_at" timestamp(6) NOT NULL, "updated_at" timestamp(6) NOT NULL, CONSTRAINT "fk_rails_35bfbb3180"
FOREIGN KEY ("stories_id")
  REFERENCES "stories" ("id")
, CONSTRAINT "fk_rails_a0c857cae0"
FOREIGN KEY ("comments_id")
  REFERENCES "comments" ("id")
)[0m
  [1m[35m (0.2ms)[0m  [1m[31mROLLBACK[0m
  [1m[35m (0.4ms)[0m  [1m[34mSELECT pg_advisory_unlock(6901116831208884060)[0m
  [1m[35m (3.3ms)[0m  [1m[34mSELECT pg_try_advisory_lock(6901116831208884060)[0m
  [1m[35m (2.3ms)[0m  [1m[34mSELECT "schema_migrations"."version" FROM "schema_migrations" ORDER BY "schema_migrations"."version" ASC[0m
Migrating to CreateUsers (20200406195801)
  [1m[35m (0.3ms)[0m  [1m[35mBEGIN[0m
  [1m[35m (30.6ms)[0m  [1m[35mCREATE TABLE "users" ("id" bigserial primary key, "username" character varying, "email" character varying, "password_digest" character varying, "fav_story" character varying, "story_id" bigint NOT NULL, "comment_id" bigint NOT NULL, "created_at" timestamp(6) NOT NULL, "updated_at" timestamp(6) NOT NULL, CONSTRAINT "fk_rails_6a1697cead"
FOREIGN KEY ("story_id")
  REFERENCES "stories" ("id")
, CONSTRAINT "fk_rails_66daf5d968"
FOREIGN KEY ("comment_id")
  REFERENCES "comments" ("id")
)[0m
  [1m[35m (0.2ms)[0m  [1m[31mROLLBACK[0m
  [1m[35m (0.5ms)[0m  [1m[34mSELECT pg_advisory_unlock(6901116831208884060)[0m
